<testsuite name="feature.Calculator" tests="7" errors="0" failures="0" skipped="0" time="0.009009" timestamp="2024-11-26T21:21:02.950831" hostname="Ng-Thian-Ping"><testcase classname="feature.Calculator" name="Addition" status="passed" time="0.0"><system-out>
<![CDATA[
@scenario.begin
  Scenario: Addition
    Given the calculator is intialized ... passed in 0.000s
    When I add 10 and 5 ... passed in 0.000s
    Then the result should be 15 ... passed in 0.000s

@scenario.end
--------------------------------------------------------------------------------
]]>
</system-out></testcase><testcase classname="feature.Calculator" name="Subtraction" status="passed" time="0.002002"><system-out>
<![CDATA[
@scenario.begin
  Scenario: Subtraction
    Given the calculator is intialized ... passed in 0.001s
    When I subtract 10 and 5 ... passed in 0.001s
    Then the result should be 5 ... passed in 0.000s

@scenario.end
--------------------------------------------------------------------------------
]]>
</system-out></testcase><testcase classname="feature.Calculator" name="Multiplication" status="passed" time="0.002002"><system-out>
<![CDATA[
@scenario.begin
  Scenario: Multiplication
    Given the calculator is intialized ... passed in 0.001s
    When I mutiply 10 and 5 ... passed in 0.001s
    Then the result should be 50 ... passed in 0.000s

@scenario.end
--------------------------------------------------------------------------------
]]>
</system-out></testcase><testcase classname="feature.Calculator" name="Division" status="passed" time="0.001001"><system-out>
<![CDATA[
@scenario.begin
  Scenario: Division
    Given the calculator is intialized ... passed in 0.001s
    When I divide 10 and 5 ... passed in 0.000s
    Then the result should be 2 ... passed in 0.000s

@scenario.end
--------------------------------------------------------------------------------
]]>
</system-out></testcase><testcase classname="feature.Calculator" name="Calculate the cosine of a number" status="passed" time="0.002002"><system-out>
<![CDATA[
@scenario.begin
  Scenario: Calculate the cosine of a number
    Given the calculator is intialized ... passed in 0.001s
    When I calculate the cosine of 0 ... passed in 0.001s
    Then the result should be 1 ... passed in 0.000s

@scenario.end
--------------------------------------------------------------------------------
]]>
</system-out></testcase><testcase classname="feature.Calculator" name="Calculate the sine of a number" status="passed" time="0.001001"><system-out>
<![CDATA[
@scenario.begin
  Scenario: Calculate the sine of a number
    Given the calculator is intialized ... passed in 0.001s
    When I calculate the sine of 0 ... passed in 0.000s
    Then the result should be 0 ... passed in 0.000s

@scenario.end
--------------------------------------------------------------------------------
]]>
</system-out></testcase><testcase classname="feature.Calculator" name="Calculate the tangent of a number" status="passed" time="0.001001"><system-out>
<![CDATA[
@scenario.begin
  Scenario: Calculate the tangent of a number
    Given the calculator is intialized ... passed in 0.000s
    When I calculate the tangent of 0 ... passed in 0.001s
    Then the result should be 0 ... passed in 0.000s

@scenario.end
--------------------------------------------------------------------------------
]]>
</system-out></testcase></testsuite>